
> (um "g1" 10 1.0 1.0 :load t)
*Beamp* = NIL  *Beam-exp* = 0.9

======================= l o a d i n g =======================================
; loading #P"/Users/bozsahin/myrepos/ccglab-grammars/noqnoc/g1.ind"

Project [g1] is assumed to consist of
-----------------------------------------------------------------------------
  CCG grammar source : g1.ccg $
    Its token form   : g1.lisptokens $
  Deduction grammar  : g1.ded $ (derived from g1.lisptokens)
  Induction grammar  : g1.ind #
  Supervision source : g1.sup ^
  Model-specific code: g1.lisp ^
   and other model-specific files you may create.
       *CCG-GRAMMAR* : set from g1.ind
  *LEX-RULES-TABLE*  : set from g1.ind
Expected files       : $ for deduction, # for induction, ^ for model development
=============================================================================

Supervision file loaded: g1.sup
Done. use (show-training/save-training) to see/save the results
T
> (st)
The rule set used in the experiment:
To change a switch, use (setf <switchname> <value>)
	      where <value> is T (on) or NIL (off)
	  *f-apply*     T
	  *b-apply*     T
	  *f-comp*      T
	  *b-comp*      T
	  *fx-comp*     T
	  *bx-comp*     T
	  *f-sub*       T
	  *b-sub*       T
	  *fx-sub*      T
	  *bx-sub*      T
          *f-subbar*    NIL
	  *b-subbar*    NIL
	  *fx-subbar*   NIL
	  *bx-subbar*   NIL
	  *f-subcomp*   T
	  *b-subcomp*   T
	  *fx-subcomp*  T
	  *bx-subcomp*  T
          *f2-comp*     T
	  *b2-comp*     T
	  *fx2-comp*    T
	  *bx2-comp*    T
	  *f2-sub*      T
	  *b2-sub*      T
	  *fx2-sub*     T
	  *bx2-sub*     T
	  *f3-comp*     T
	  *b3-comp*     T
	  *fx3-comp*    T
	  *bx3-comp*    T

Training parameters: N = 10 alpha0 = 1.0 c = 1.0 n = 6  *Beamp* = NIL  *Beam-exp* = 0.9

Model parameters before and after training
================================================
key   lex             initial  final    diff 
------------------------------------------------
1     KNOWS             1.0 5.294394  (4.294394)
2     KNOWS             1.0 4.619394  (3.619394)
3     KNOWS             1.0  -3.2944  ( -4.2944)
4     KNOWS             1.0  -2.6194  ( -3.6194)
5     LOVES             1.0 7.482491  (6.482491)
6     LOVES             1.0 -5.48249  (-6.48249)
7     JOHN              1.0 6.579234  (5.579234)
8     JOHN              1.0 -1.78962  (-2.78962)
9     JOHN              1.0 8.529829  (7.529829)
10    JOHN              1.0 -2.76492  (-3.76492)
11    MARY              1.0 6.398985  (5.398985)
12    MARY              1.0 -1.69949  (-2.69949)
13    MARY              1.0 9.643323  (8.643323)
14    MARY              1.0 -3.32166  (-4.32166)
15    JOHN              1.0 -1.78962  (-2.78962)
16    JOHN              1.0 -2.76492  (-3.76492)
17    MARY              1.0 -1.69949  (-2.69949)
18    MARY              1.0 -3.32166  (-4.32166)
================================================
NIL
> (dribble)
